# JRE version: OpenJDK Runtime Environment JBR-25.0.2+1-329.72-nomod (25.0.2+1) (build 25.0.2+1-b329.72)
# Java VM: OpenJDK 64-Bit Server VM JBR-25.0.2+1-329.72-nomod (25.0.2+1-b329.72, mixed mode, emulated-client, sharing, tiered, compressed oops, compressed class ptrs, g1 gc, windows-amd64)
GC Precious Log:
 CardTable entry size: 512
 Card Set container configuration: InlinePtr #cards 4 size 8 Array Of Cards #cards 16 size 48 Howl #buckets 8 coarsen threshold 3686 Howl Bitmap #cards 512 size 80 coarsen threshold 460 Card regions per heap region 1 cards per card region 4096
 CPUs: 16 total, 16 available
 Memory: 11995M
 Large Page Support: Disabled
 NUMA Support: Disabled
 Compressed Oops: Enabled (Zero based)
 Heap Region Size: 2M
 Heap Min Capacity: 8M
 Heap Initial Capacity: 188M
 Heap Max Capacity: 3000M
 Pre-touch: Disabled
 Parallel Workers: 13
 Concurrent Workers: 3
 Concurrent Refinement Workers: 13
 Periodic GC: Disabled
Heap:
 garbage-first heap   total reserved 3072000K, committed 110592K, used 77966K [0x0000000744800000, 0x0000000800000000)
  region size 2048K, 19 young (38912K), 1 survivors (2048K)
GC Heap Usage History (20 events):
Event: 169.195 {heap Before GC invocations=39 (full 0):
 garbage-first heap   total reserved 3072000K, committed 110592K, used 101794K [0x0000000744800000, 0x0000000800000000)
  region size 2048K, 29 young (59392K), 1 survivors (2048K)
}
Event: 169.205 {heap After GC invocations=40 (full 0):
 garbage-first heap   total reserved 3072000K, committed 110592K, used 44416K [0x0000000744800000, 0x0000000800000000)
  region size 2048K, 1 young (2048K), 1 survivors (2048K)
}
Event: 185.148 {heap Before GC invocations=41 (full 0):
 garbage-first heap   total reserved 3072000K, committed 110592K, used 101760K [0x0000000744800000, 0x0000000800000000)
  region size 2048K, 29 young (59392K), 1 survivors (2048K)
}
Event: 185.153 {heap After GC invocations=42 (full 0):
 garbage-first heap   total reserved 3072000K, committed 110592K, used 44438K [0x0000000744800000, 0x0000000800000000)
  region size 2048K, 1 young (2048K), 1 survivors (2048K)
}
Event: 200.566 {heap Before GC invocations=42 (full 0):
 garbage-first heap   total reserved 3072000K, committed 110592K, used 101782K [0x0000000744800000, 0x0000000800000000)
  region size 2048K, 29 young (59392K), 1 survivors (2048K)
}
Event: 200.571 {heap After GC invocations=43 (full 0):
 garbage-first heap   total reserved 3072000K, committed 110592K, used 43307K [0x0000000744800000, 0x0000000800000000)
  region size 2048K, 1 young (2048K), 1 survivors (2048K)
}
Event: 216.090 {heap Before GC invocations=43 (full 0):
 garbage-first heap   total reserved 3072000K, committed 110592K, used 100651K [0x0000000744800000, 0x0000000800000000)
  region size 2048K, 29 young (59392K), 1 survivors (2048K)
}
Event: 216.097 {heap After GC invocations=44 (full 0):
 garbage-first heap   total reserved 3072000K, committed 110592K, used 43431K [0x0000000744800000, 0x0000000800000000)
  region size 2048K, 1 young (2048K), 1 survivors (2048K)
}
Event: 232.019 {heap Before GC invocations=45 (full 0):
 garbage-first heap   total reserved 3072000K, committed 110592K, used 100775K [0x0000000744800000, 0x0000000800000000)
  region size 2048K, 29 young (59392K), 1 survivors (2048K)
}
Event: 232.025 {heap After GC invocations=46 (full 0):
 garbage-first heap   total reserved 3072000K, committed 110592K, used 43408K [0x0000000744800000, 0x0000000800000000)
  region size 2048K, 1 young (2048K), 1 survivors (2048K)
}
Event: 246.975 {heap Before GC invocations=46 (full 0):
 garbage-first heap   total reserved 3072000K, committed 110592K, used 98704K [0x0000000744800000, 0x0000000800000000)
  region size 2048K, 28 young (57344K), 1 survivors (2048K)
}
Event: 247.001 {heap After GC invocations=47 (full 0):
 garbage-first heap   total reserved 3072000K, committed 110592K, used 43047K [0x0000000744800000, 0x0000000800000000)
  region size 2048K, 1 young (2048K), 1 survivors (2048K)
}
Event: 262.464 {heap Before GC invocations=47 (full 0):
 garbage-first heap   total reserved 3072000K, committed 110592K, used 100391K [0x0000000744800000, 0x0000000800000000)
  region size 2048K, 29 young (59392K), 1 survivors (2048K)
}
Event: 262.469 {heap After GC invocations=48 (full 0):
 garbage-first heap   total reserved 3072000K, committed 110592K, used 43248K [0x0000000744800000, 0x0000000800000000)
  region size 2048K, 1 young (2048K), 1 survivors (2048K)
}
Event: 277.948 {heap Before GC invocations=49 (full 0):
 garbage-first heap   total reserved 3072000K, committed 110592K, used 98544K [0x0000000744800000, 0x0000000800000000)
  region size 2048K, 28 young (57344K), 1 survivors (2048K)
}
Event: 277.949 {heap After GC invocations=50 (full 0):
 garbage-first heap   total reserved 3072000K, committed 110592K, used 43204K [0x0000000744800000, 0x0000000800000000)
  region size 2048K, 1 young (2048K), 1 survivors (2048K)
}
Event: 292.843 {heap Before GC invocations=50 (full 0):
 garbage-first heap   total reserved 3072000K, committed 110592K, used 98500K [0x0000000744800000, 0x0000000800000000)
  region size 2048K, 28 young (57344K), 1 survivors (2048K)
}
Event: 292.850 {heap After GC invocations=51 (full 0):
 garbage-first heap   total reserved 3072000K, committed 110592K, used 42897K [0x0000000744800000, 0x0000000800000000)
  region size 2048K, 1 young (2048K), 1 survivors (2048K)
}
Event: 308.234 {heap Before GC invocations=51 (full 0):
 garbage-first heap   total reserved 3072000K, committed 110592K, used 100241K [0x0000000744800000, 0x0000000800000000)
  region size 2048K, 29 young (59392K), 1 survivors (2048K)
}
Event: 308.236 {heap After GC invocations=52 (full 0):
 garbage-first heap   total reserved 3072000K, committed 110592K, used 43150K [0x0000000744800000, 0x0000000800000000)
  region size 2048K, 1 young (2048K), 1 survivors (2048K)
}

